2025/07/14 09:59:20：〓〓〓〓〓〓〓〓〓〓〓〓〓〓〓〓〓〓〓〓〓〓〓〓〓〓〓〓〓〓〓〓〓〓〓〓〓〓〓〓
2025/07/14 09:59:20：【QRソータ検査アプリ】を起動しました。
2025/07/14 09:59:20：QRソータ検査アプリバージョン「Ver.0.7.1.3」
2025/07/14 09:59:20：【復号化】平文ファイルを作成しました：D:\NationalTaxInvestigationApp\NationalTaxInvestigationApp\bin\Debug\UserAccount.txt
2025/07/14 09:59:24：「ログイン」ボタンクリック
2025/07/14 09:59:24：ログイン成功（ユーザー：1）
2025/07/14 09:59:24：メニュー画面を表示しました
2025/07/14 09:59:24：〓【メニュー画面】送信データ：a
2025/07/14 09:59:28：〓【メニュー画面】送信データ：t,0000000000001001
2025/07/14 09:59:28：現在の日付から3ヶ月より前（2025/04/14 9:59:28）のファイルを削除します。
2025/07/14 09:59:28：削除処理が完了しました。
2025/07/14 09:59:30：メニュー画面：「QRソーター検査」ボタンクリック
2025/07/14 09:59:30：QRソーター検査画面を表示しました
2025/07/14 11:53:58：メニュー画面：「終了」ボタンクリック
2025/07/14 11:54:07：〓〓〓〓〓〓〓〓〓〓〓〓〓〓〓〓〓〓〓〓〓〓〓〓〓〓〓〓〓〓〓〓〓〓〓〓〓〓〓〓
2025/07/14 11:54:07：【QRソータ検査アプリ】を起動しました。
2025/07/14 11:54:07：QRソータ検査アプリバージョン「Ver.0.7.1.3」
2025/07/14 11:54:07：【復号化】平文ファイルを作成しました：D:\NationalTaxInvestigationApp\NationalTaxInvestigationApp\bin\Debug\UserAccount.txt
2025/07/14 11:54:11：「ログイン」ボタンクリック
2025/07/14 11:54:11：ログイン成功（ユーザー：1）
2025/07/14 11:54:11：メニュー画面を表示しました
2025/07/14 11:54:11：〓【メニュー画面】送信データ：a
2025/07/14 11:54:13：〓【メニュー画面】送信データ：t,0000000000001001
2025/07/14 11:54:13：現在の日付から3ヶ月より前（2025/04/14 11:54:13）のファイルを削除します。
2025/07/14 11:54:13：削除処理が完了しました。
2025/07/14 11:54:15：メニュー画面：「保守」ボタンクリック
2025/07/14 11:54:15：保守画面を表示しました
2025/07/14 11:54:15：〓【保守画面】送信データ：m,1
2025/07/14 11:54:22：〓【保守画面】送信データ：t,0000000000001001
2025/07/14 11:54:22：〓【保守画面】送信データ：m,0
2025/07/14 11:54:23：シリアルポートクローズ処理開始
2025/07/14 11:54:23：シリアルポートクローズ処理終了
2025/07/14 11:54:24：メニュー画面：「終了」ボタンクリック
2025/07/14 13:25:19：〓〓〓〓〓〓〓〓〓〓〓〓〓〓〓〓〓〓〓〓〓〓〓〓〓〓〓〓〓〓〓〓〓〓〓〓〓〓〓〓
2025/07/14 13:25:19：【QRソータ検査アプリ】を起動しました。
2025/07/14 13:25:19：QRソータ検査アプリバージョン「Ver.0.7.1.3」
2025/07/14 13:25:19：【復号化】平文ファイルを作成しました：D:\NationalTaxInvestigationApp\NationalTaxInvestigationApp\bin\Debug\UserAccount.txt
2025/07/14 13:25:28：「ログイン」ボタンクリック
2025/07/14 13:25:28：ログイン成功（ユーザー：1）
2025/07/14 13:25:28：メニュー画面を表示しました
2025/07/14 13:25:28：〓【メニュー画面】送信データ：a
2025/07/14 13:25:30：〓【メニュー画面】送信データ：t,0000000000001001
2025/07/14 13:25:30：現在の日付から3ヶ月より前（2025/04/14 13:25:30）のファイルを削除します。
2025/07/14 13:25:30：削除処理が完了しました。
2025/07/14 13:25:34：メニュー画面：「保守」ボタンクリック
2025/07/14 13:25:34：保守画面を表示しました
2025/07/14 13:25:34：〓【保守画面】送信データ：m,1
2025/07/14 13:25:38：〓【保守画面】送信データ：t,0000000000001001
2025/07/14 13:25:38：〓【保守画面】送信データ：m,0
2025/07/14 13:25:38：シリアルポートクローズ処理開始
2025/07/14 13:25:38：シリアルポートクローズ処理終了
2025/07/14 13:25:39：メニュー画面：「QRソーター検査」ボタンクリック
2025/07/14 13:25:40：QRソーター検査画面を表示しました
2025/07/14 13:26:28：メニュー画面：「設定」ボタンクリック
2025/07/14 13:26:28：設定画面を表示しました
2025/07/14 13:29:23：メニュー画面：「QRソーター検査」ボタンクリック
2025/07/14 13:29:23：QRソーター検査画面を表示しました
2025/07/14 13:44:10：メニュー画面：「終了」ボタンクリック
2025/07/14 17:51:28：〓〓〓〓〓〓〓〓〓〓〓〓〓〓〓〓〓〓〓〓〓〓〓〓〓〓〓〓〓〓〓〓〓〓〓〓〓〓〓〓
2025/07/14 17:51:28：【QRソータ検査アプリ】を起動しました。
2025/07/14 17:51:28：QRソータ検査アプリバージョン「Ver.0.7.1.3」
2025/07/14 17:51:28：【復号化】平文ファイルを作成しました：D:\NationalTaxInvestigationApp\NationalTaxInvestigationApp\bin\Debug\UserAccount.txt
2025/07/14 17:51:32：「ログイン」ボタンクリック
2025/07/14 17:51:32：ログイン成功（ユーザー：1）
2025/07/14 17:51:32：メニュー画面を表示しました
2025/07/14 17:51:35：メニュー画面：「QRソーター検査」ボタンクリック
2025/07/14 17:51:35：QRソーター検査画面を表示しました
2025/07/14 17:52:35：メニュー画面：「終了」ボタンクリック
2025/07/14 17:54:47：〓〓〓〓〓〓〓〓〓〓〓〓〓〓〓〓〓〓〓〓〓〓〓〓〓〓〓〓〓〓〓〓〓〓〓〓〓〓〓〓
2025/07/14 17:54:47：【QRソータ検査アプリ】を起動しました。
2025/07/14 17:54:47：QRソータ検査アプリバージョン「Ver.0.7.1.3」
2025/07/14 17:54:47：【復号化】平文ファイルを作成しました：D:\NationalTaxInvestigationApp\NationalTaxInvestigationApp\bin\Debug\UserAccount.txt
2025/07/14 17:54:51：「ログイン」ボタンクリック
2025/07/14 17:54:51：ログイン成功（ユーザー：1）
2025/07/14 17:54:51：メニュー画面を表示しました
2025/07/14 17:54:51：〓【メニュー画面】送信データ：a
2025/07/14 17:54:52：〓【メニュー画面】送信データ：t,0000000000001001
2025/07/14 17:54:52：現在の日付から3ヶ月より前（2025/04/14 17:54:52）のファイルを削除します。
2025/07/14 17:54:52：削除処理が完了しました。
2025/07/14 17:54:54：メニュー画面：「QRソーター検査」ボタンクリック
2025/07/14 17:54:54：QRソーター検査画面を表示しました
2025/07/14 18:16:28：メニュー画面：「終了」ボタンクリック
2025/07/14 18:35:40：〓〓〓〓〓〓〓〓〓〓〓〓〓〓〓〓〓〓〓〓〓〓〓〓〓〓〓〓〓〓〓〓〓〓〓〓〓〓〓〓
2025/07/14 18:35:40：【QRソータ検査アプリ】を起動しました。
2025/07/14 18:35:40：QRソータ検査アプリバージョン「Ver.0.7.1.3」
2025/07/14 18:35:40：【復号化】平文ファイルを作成しました：D:\NationalTaxInvestigationApp\NationalTaxInvestigationApp\bin\Debug\UserAccount.txt
2025/07/14 18:35:42：「ログイン」ボタンクリック
2025/07/14 18:35:42：ログイン成功（ユーザー：1）
2025/07/14 18:35:42：メニュー画面を表示しました
2025/07/14 18:35:42：〓【メニュー画面】送信データ：a
2025/07/14 18:35:44：〓【メニュー画面】送信データ：t,0000000000001001
2025/07/14 18:35:44：現在の日付から3ヶ月より前（2025/04/14 18:35:44）のファイルを削除します。
2025/07/14 18:35:44：削除処理が完了しました。
2025/07/14 18:35:45：メニュー画面：「QRソーター検査」ボタンクリック
2025/07/14 18:35:45：QRソーター検査画面を表示しました
2025/07/14 18:52:18：メニュー画面：「終了」ボタンクリック
2025/07/14 18:53:57：〓〓〓〓〓〓〓〓〓〓〓〓〓〓〓〓〓〓〓〓〓〓〓〓〓〓〓〓〓〓〓〓〓〓〓〓〓〓〓〓
2025/07/14 18:53:57：【QRソータ検査アプリ】を起動しました。
2025/07/14 18:53:57：QRソータ検査アプリバージョン「Ver.0.7.1.3」
2025/07/14 18:53:57：【復号化】平文ファイルを作成しました：D:\NationalTaxInvestigationApp\NationalTaxInvestigationApp\bin\Debug\UserAccount.txt
2025/07/14 18:54:00：「ログイン」ボタンクリック
2025/07/14 18:54:00：ログイン成功（ユーザー：1）
2025/07/14 18:54:00：メニュー画面を表示しました
2025/07/14 18:54:01：〓【メニュー画面】送信データ：a
2025/07/14 18:54:02：〓【メニュー画面】送信データ：t,0000000000001001
2025/07/14 18:54:02：現在の日付から3ヶ月より前（2025/04/14 18:54:02）のファイルを削除します。
2025/07/14 18:54:02：削除処理が完了しました。
2025/07/14 18:54:04：メニュー画面：「QRソーター検査」ボタンクリック
2025/07/14 18:54:04：QRソーター検査画面を表示しました
2025/07/14 18:56:00：メニュー画面：「QRソーター検査」ボタンクリック
2025/07/14 18:56:00：QRソーター検査画面を表示しました
2025/07/14 19:04:30：メニュー画面：「終了」ボタンクリック
