2025/04/19 13:36:30：〓〓〓〓〓〓〓〓〓〓〓〓〓〓〓〓〓〓〓〓〓〓〓〓〓〓〓〓〓〓〓〓〓〓〓〓〓〓〓〓
2025/04/19 13:36:30：【QRソータ検査アプリ】を起動しました。
2025/04/19 13:36:30：QRソータ検査アプリバージョン「Ver.1.3.2.0」
2025/04/19 13:36:30：【復号化】平文ファイルを作成しました：D:\QrSorterInspectionApp\QrSorterInspectionApp\bin\Debug\UserAccount.txt
2025/04/19 13:36:35：「ログイン」ボタンクリック
2025/04/19 13:36:35：ログイン成功（ユーザー：1）
2025/04/19 13:36:35：メニュー画面を表示しました
2025/04/19 13:36:35：〓【メニュー画面】送信データ：a
2025/04/19 13:36:35：〓【メニュー画面】送信データ：t,0000000000001001
2025/04/19 13:36:35：現在の日付から3ヶ月より前（2025/01/19 13:36:35）のファイルを削除します。
2025/04/19 13:36:35：削除処理が完了しました。
2025/04/19 13:36:46：メニュー画面：「QRソーター検査」ボタンクリック
2025/04/19 13:36:46：QRソーター検査画面を表示しました
2025/04/19 13:37:21：「JOB選択」ボタンクリック
2025/04/19 13:37:25：〓送信データ：b
2025/04/19 13:37:25：グループ１ = 00000000000000G1_1_1_20250405_20250419133726.csv
2025/04/19 13:37:25：グループ２ = 00000000000000G2_1_1_20250405_20250419133727.csv
2025/04/19 13:37:25：グループ３ = 00000000000000G3_1_1_20250405_20250419133728.csv
2025/04/19 13:37:25：グループ４ = 00000000000000G4_1_1_20250405_20250419133729.csv
2025/04/19 13:37:25：グループ５ = 00000000000000G5_1_1_20250405_20250419133730.csv
2025/04/19 13:37:25：リジェクト = 00000000000リジェクト_1_1_20250405_20250419133731.csv
2025/04/19 13:37:25：ポケット１割当グループ名 = 00000000000000G1_1_1_20250405_20250419133726.csv
2025/04/19 13:37:25：ポケット２割当グループ名 = 00000000000000G2_1_1_20250405_20250419133727.csv
2025/04/19 13:37:25：ポケット３割当グループ名 = 00000000000000G3_1_1_20250405_20250419133728.csv
2025/04/19 13:37:25：ポケット４割当グループ名 = 00000000000000G4_1_1_20250405_20250419133729.csv
2025/04/19 13:37:25：ポケット５割当グループ名 = 00000000000000G5_1_1_20250405_20250419133730.csv
2025/04/19 13:37:25：〓送信データ：h
2025/04/19 13:37:25：■受信データ：B<CR>
2025/04/19 13:37:25：フォントサイズ：14
2025/04/19 13:37:25：〓送信データ：a,1,031,0,001,05,006,08,014,01,015,11,1,1,0,1,0,110
2025/04/19 13:37:25：〓送信データ：f,1,1,D1234,20250401,1,,070,1
2025/04/19 13:37:25：〓送信データ：f,2,2,E1234,20250402,2,,070,1
2025/04/19 13:37:25：〓送信データ：f,3,3,F1234,20250403,3,,070,1
2025/04/19 13:37:26：〓送信データ：f,4,4,G1234,20250404,4,,070,1
2025/04/19 13:37:26：〓送信データ：f,5,5,H1234,20250405,5,,070,1
2025/04/19 13:37:26：〓送信データ：l,0000,0000,0000,0000,0000,
2025/04/19 13:37:28：■受信データ：L,A8657120250419-250419_1,<CR>
2025/04/19 13:37:28：■受信データ：D,A8657120250419-250419_01       ,0,000,1,<CR>
2025/04/19 13:37:29：■受信データ：L,A8657120250419-250419_2,<CR>
2025/04/19 13:37:29：1件の検索処理時間: 0.0045ミリ秒
2025/04/19 13:37:29：■受信データ：D,A8657120250419-250419_02       ,0,000,1,<CR>
2025/04/19 13:37:29：■受信データ：L,A8657120250419-250419_3,<CR>
2025/04/19 13:37:29：2件の検索処理時間: 0.0015ミリ秒
2025/04/19 13:37:29：■受信データ：D,A8657120250419-250419_03       ,0,000,1,<CR>
2025/04/19 13:37:30：■受信データ：L,A8657120250419-250419_4,<CR>
2025/04/19 13:37:30：3件の検索処理時間: 0.0014ミリ秒
2025/04/19 13:37:30：■受信データ：D,A8657120250419-250419_04       ,0,000,1,<CR>
2025/04/19 13:37:30：■受信データ：L,A8657120250419-250419_5,<CR>
2025/04/19 13:37:30：4件の検索処理時間: 0.0015ミリ秒
2025/04/19 13:37:30：■受信データ：D,A8657120250419-250419_05       ,0,000,1,<CR>
2025/04/19 13:37:31：■受信データ：L,A8657120250419-250419_6,<CR>
2025/04/19 13:37:31：5件の検索処理時間: 0.0018ミリ秒
2025/04/19 13:37:31：■受信データ：D,A8657120250419-250419_06       ,0,000,2,<CR>
2025/04/19 13:37:31：■受信データ：L,A8657120250419-250419_7,<CR>
2025/04/19 13:37:31：6件の検索処理時間: 0.0019ミリ秒
2025/04/19 13:37:31：■受信データ：D,A8657120250419-250419_07       ,0,000,2,<CR>
2025/04/19 13:37:32：■受信データ：L,A8657120250419-250419_8,<CR>
2025/04/19 13:37:32：7件の検索処理時間: 0.0017ミリ秒
2025/04/19 13:37:32：■受信データ：D,A8657120250419-250419_08       ,0,000,2,<CR>
2025/04/19 13:37:32：■受信データ：L,A8657120250419-250419_9,<CR>
2025/04/19 13:37:32：8件の検索処理時間: 0.0024ミリ秒
2025/04/19 13:37:33：■受信データ：D,A8657120250419-250419_09       ,0,000,2,<CR>
2025/04/19 13:37:33：■受信データ：L,A8657120250419-250419_10,<CR>
2025/04/19 13:37:33：9件の検索処理時間: 0.0019ミリ秒
2025/04/19 13:37:33：■受信データ：D,A8657120250419-250419_10       ,0,000,2,<CR>
2025/04/19 13:37:33：■受信データ：L,A8657120250419-250419_11,<CR>
2025/04/19 13:37:33：10件の検索処理時間: 0.0019ミリ秒
2025/04/19 13:37:34：■受信データ：D,A8657120250419-250419_11       ,0,000,3,<CR>
2025/04/19 13:37:34：■受信データ：L,A8657120250419-250419_12,<CR>
2025/04/19 13:37:34：11件の検索処理時間: 0.002ミリ秒
2025/04/19 13:37:34：■受信データ：D,A8657120250419-250419_12       ,0,000,3,<CR>
2025/04/19 13:37:34：■受信データ：L,A8657120250419-250419_13,<CR>
2025/04/19 13:37:34：12件の検索処理時間: 0.0024ミリ秒
2025/04/19 13:37:35：■受信データ：D,A8657120250419-250419_13       ,0,000,3,<CR>
2025/04/19 13:37:35：■受信データ：L,A8657120250419-250419_14,<CR>
2025/04/19 13:37:35：13件の検索処理時間: 0.002ミリ秒
2025/04/19 13:37:35：■受信データ：D,A8657120250419-250419_14       ,0,000,3,<CR>
2025/04/19 13:37:36：■受信データ：L,A8657120250419-250419_15,<CR>
2025/04/19 13:37:36：14件の検索処理時間: 0.0039ミリ秒
2025/04/19 13:37:36：■受信データ：D,A8657120250419-250419_15       ,0,000,3,<CR>
2025/04/19 13:37:36：■受信データ：L,A8657120250419-250419_16,<CR>
2025/04/19 13:37:36：15件の検索処理時間: 0.0023ミリ秒
2025/04/19 13:37:36：■受信データ：D,A8657120250419-250419_16       ,0,000,4,<CR>
2025/04/19 13:37:37：■受信データ：L,A8657120250419-250419_17,<CR>
2025/04/19 13:37:37：16件の検索処理時間: 0.002ミリ秒
2025/04/19 13:37:37：■受信データ：D,A8657120250419-250419_17       ,0,000,4,<CR>
2025/04/19 13:37:37：■受信データ：L,A8657120250419-250419_18,<CR>
2025/04/19 13:37:37：17件の検索処理時間: 0.0051ミリ秒
2025/04/19 13:37:37：■受信データ：D,A8657120250419-250419_18       ,0,000,4,<CR>
2025/04/19 13:37:38：■受信データ：L,A8657120250419-250419_19,<CR>
2025/04/19 13:37:38：18件の検索処理時間: 0.0028ミリ秒
2025/04/19 13:37:38：■受信データ：D,A8657120250419-250419_19       ,0,000,4,<CR>
2025/04/19 13:37:38：■受信データ：L,A8657120250419-250419_20,<CR>
2025/04/19 13:37:38：19件の検索処理時間: 0.0027ミリ秒
2025/04/19 13:37:38：■受信データ：D,A8657120250419-250419_20       ,0,000,4,<CR>
2025/04/19 13:37:39：■受信データ：L,A8657120250419-250419_21,<CR>
2025/04/19 13:37:39：20件の検索処理時間: 0.0057ミリ秒
2025/04/19 13:37:39：■受信データ：D,A8657120250419-250419_21       ,0,000,5,<CR>
2025/04/19 13:37:39：■受信データ：L,A8657120250419-250419_22,<CR>
2025/04/19 13:37:39：21件の検索処理時間: 0.0037ミリ秒
2025/04/19 13:37:39：■受信データ：D,A8657120250419-250419_22       ,0,000,5,<CR>
2025/04/19 13:37:40：■受信データ：L,A8657120250419-250419_23,<CR>
2025/04/19 13:37:40：22件の検索処理時間: 0.0025ミリ秒
2025/04/19 13:37:40：■受信データ：D,A8657120250419-250419_23       ,0,000,5,<CR>
2025/04/19 13:37:40：■受信データ：L,A8657120250419-250419_24,<CR>
2025/04/19 13:37:40：23件の検索処理時間: 0.0038ミリ秒
2025/04/19 13:37:40：■受信データ：D,A8657120250419-250419_24       ,0,000,5,<CR>
2025/04/19 13:37:41：■受信データ：L,A8657120250419-250419_25,<CR>
2025/04/19 13:37:41：24件の検索処理時間: 0.0031ミリ秒
2025/04/19 13:37:41：■受信データ：D,A8657120250419-250419_25       ,0,000,5,<CR>
2025/04/19 13:37:41：■受信データ：L,A8657120250419-250419_26,<CR>
2025/04/19 13:37:41：25件の検索処理時間: 0.004ミリ秒
2025/04/19 13:37:42：■受信データ：D,A8657120250419-250419_26       ,0,000,E,<CR>
2025/04/19 13:37:42：■受信データ：L,A8657120250419-250419_27,<CR>
2025/04/19 13:37:42：25件の検索処理時間: 0.0026ミリ秒
2025/04/19 13:37:42：■受信データ：D,A8657120250419-250419_27       ,0,000,E,<CR>
2025/04/19 13:37:42：■受信データ：L,A8657120250419-250419_28,<CR>
2025/04/19 13:37:42：25件の検索処理時間: 0.0072ミリ秒
2025/04/19 13:37:43：■受信データ：D,A8657120250419-250419_28       ,0,000,E,<CR>
2025/04/19 13:37:43：■受信データ：L,A8657120250419-250419_29,<CR>
2025/04/19 13:37:43：25件の検索処理時間: 0.0028ミリ秒
2025/04/19 13:37:43：■受信データ：D,A8657120250419-250419_29       ,0,000,E,<CR>
2025/04/19 13:37:44：■受信データ：L,A8657120250419-250419_30,<CR>
2025/04/19 13:37:44：25件の検索処理時間: 0.0096ミリ秒
2025/04/19 13:37:44：■受信データ：D,A8657120250419-250419_30       ,0,000,E,<CR>
2025/04/19 13:38:36：■受信データ：E,006<CR>
2025/04/19 13:38:36：エラー内容：006,フィーダー部,ダブルフィードエラーロング
2025/04/19 14:02:48：■受信データ：E,006<CR>
2025/04/19 14:02:48：エラー内容：006,フィーダー部,ダブルフィードエラーロング
2025/04/19 14:02:50：〓送信データ：d
2025/04/19 14:03:06：メニュー画面：「終了」ボタンクリック
2025/04/19 14:10:47：〓〓〓〓〓〓〓〓〓〓〓〓〓〓〓〓〓〓〓〓〓〓〓〓〓〓〓〓〓〓〓〓〓〓〓〓〓〓〓〓
2025/04/19 14:10:47：【QRソータ検査アプリ】を起動しました。
2025/04/19 14:10:47：QRソータ検査アプリバージョン「Ver.1.3.2.0」
2025/04/19 14:10:47：【復号化】平文ファイルを作成しました：D:\QrSorterInspectionApp\QrSorterInspectionApp\bin\Debug\UserAccount.txt
2025/04/19 14:11:02：「ログイン」ボタンクリック
2025/04/19 14:11:02：ログイン成功（ユーザー：1）
2025/04/19 14:11:02：メニュー画面を表示しました
2025/04/19 14:11:02：〓【メニュー画面】送信データ：a
2025/04/19 14:11:02：〓【メニュー画面】送信データ：t,0000000000001001
2025/04/19 14:11:02：現在の日付から3ヶ月より前（2025/01/19 14:11:02）のファイルを削除します。
2025/04/19 14:11:02：削除処理が完了しました。
2025/04/19 14:11:04：メニュー画面：「QRソーター検査」ボタンクリック
2025/04/19 14:11:04：QRソーター検査画面を表示しました
2025/04/19 14:11:09：「JOB選択」ボタンクリック
2025/04/19 14:11:17：〓送信データ：b
2025/04/19 14:11:17：グループ１ = 00000000000000G1_1_1_20250405_20250419141118.csv
2025/04/19 14:11:17：グループ２ = 00000000000000G2_1_1_20250405_20250419141119.csv
2025/04/19 14:11:17：グループ３ = 00000000000000G3_1_1_20250405_20250419141120.csv
2025/04/19 14:11:17：グループ４ = 00000000000000G4_1_1_20250405_20250419141121.csv
2025/04/19 14:11:17：グループ５ = 00000000000000G5_1_1_20250405_20250419141122.csv
2025/04/19 14:11:17：リジェクト = 00000000000リジェクト_1_1_20250405_20250419141123.csv
2025/04/19 14:11:17：ポケット１割当グループ名 = 00000000000000G1_1_1_20250405_20250419141118.csv
2025/04/19 14:11:17：ポケット２割当グループ名 = 00000000000000G2_1_1_20250405_20250419141119.csv
2025/04/19 14:11:17：ポケット３割当グループ名 = 00000000000000G3_1_1_20250405_20250419141120.csv
2025/04/19 14:11:17：ポケット４割当グループ名 = 00000000000000G4_1_1_20250405_20250419141121.csv
2025/04/19 14:11:17：ポケット５割当グループ名 = 00000000000000G5_1_1_20250405_20250419141122.csv
2025/04/19 14:11:17：〓送信データ：h
2025/04/19 14:11:17：■受信データ：B<CR>
2025/04/19 14:11:17：フォントサイズ：14
2025/04/19 14:11:17：〓送信データ：a,1,031,0,001,05,006,08,014,01,015,11,1,1,0,1,0,110
2025/04/19 14:11:17：〓送信データ：f,1,1,D1234,20250401,1,,070,1
2025/04/19 14:11:17：〓送信データ：f,2,2,E1234,20250402,2,,070,1
2025/04/19 14:11:18：〓送信データ：f,3,3,F1234,20250403,3,,070,1
2025/04/19 14:11:18：〓送信データ：f,4,4,G1234,20250404,4,,070,1
2025/04/19 14:11:18：〓送信データ：f,5,5,H1234,20250405,5,,070,1
2025/04/19 14:11:18：〓送信データ：l,0000,0000,0000,0000,0000,
2025/04/19 14:11:24：■受信データ：C<CR>
2025/04/19 14:11:26：■受信データ：B<CR>
2025/04/19 14:11:26：フォントサイズ：14
2025/04/19 14:11:26：〓送信データ：a,1,031,0,001,05,006,08,014,01,015,11,1,1,0,1,0,110
2025/04/19 14:11:26：〓送信データ：f,1,1,D1234,20250401,1,,070,1
2025/04/19 14:11:27：〓送信データ：f,2,2,E1234,20250402,2,,070,1
2025/04/19 14:11:27：〓送信データ：f,3,3,F1234,20250403,3,,070,1
2025/04/19 14:11:27：〓送信データ：f,4,4,G1234,20250404,4,,070,1
2025/04/19 14:11:27：〓送信データ：f,5,5,H1234,20250405,5,,070,1
2025/04/19 14:11:27：〓送信データ：l,0000,0000,0000,0000,0000,
2025/04/19 14:11:35：■受信データ：L,A8657120250419-250419_31,<CR>
2025/04/19 14:11:35：■受信データ：D,A8657120250419-250419_31       ,0,006,1,<CR>
2025/04/19 14:11:35：■受信データ：L,A8657120250419-250419_32,<CR>
2025/04/19 14:11:35：1件の検索処理時間: 0.0092ミリ秒
2025/04/19 14:11:36：■受信データ：D,A8657120250419-250419_32       ,0,006,1,<CR>
2025/04/19 14:11:36：■受信データ：L,A8657120250419-250419_33,<CR>
2025/04/19 14:11:36：2件の検索処理時間: 0.0028ミリ秒
2025/04/19 14:11:36：■受信データ：D,A8657120250419-250419_33       ,0,006,1,<CR>
2025/04/19 14:11:37：■受信データ：L,A8657120250419-250419_34,<CR>
2025/04/19 14:11:37：3件の検索処理時間: 0.0021ミリ秒
2025/04/19 14:11:37：■受信データ：D,A8657120250419-250419_34       ,0,006,1,<CR>
2025/04/19 14:11:37：■受信データ：L,A8657120250419-250419_35,<CR>
2025/04/19 14:11:37：4件の検索処理時間: 0.0016ミリ秒
2025/04/19 14:11:37：■受信データ：D,A8657120250419-250419_35       ,0,006,1,<CR>
2025/04/19 14:11:38：■受信データ：L,A8657120250419-250419_36,<CR>
2025/04/19 14:11:38：5件の検索処理時間: 0.0014ミリ秒
2025/04/19 14:11:38：■受信データ：D,A8657120250419-250419_36       ,0,006,2,<CR>
2025/04/19 14:11:38：■受信データ：L,A8657120250419-250419_37,<CR>
2025/04/19 14:11:38：6件の検索処理時間: 0.0022ミリ秒
2025/04/19 14:11:38：■受信データ：D,A8657120250419-250419_37       ,0,006,2,<CR>
2025/04/19 14:11:39：■受信データ：L,A8657120250419-250419_38,<CR>
2025/04/19 14:11:39：7件の検索処理時間: 0.0019ミリ秒
2025/04/19 14:11:39：■受信データ：D,A8657120250419-250419_38       ,0,006,2,<CR>
2025/04/19 14:11:39：■受信データ：L,A8657120250419-250419_39,<CR>
2025/04/19 14:11:39：8件の検索処理時間: 0.0023ミリ秒
2025/04/19 14:11:39：■受信データ：D,A8657120250419-250419_39       ,0,006,2,<CR>
2025/04/19 14:11:40：■受信データ：L,A8657120250419-250419_40,<CR>
2025/04/19 14:11:40：9件の検索処理時間: 0.0017ミリ秒
2025/04/19 14:11:40：■受信データ：D,A8657120250419-250419_40       ,0,006,2,<CR>
2025/04/19 14:11:40：■受信データ：L,A8657120250419-250419_41,<CR>
2025/04/19 14:11:40：10件の検索処理時間: 0.0082ミリ秒
2025/04/19 14:11:40：■受信データ：D,A8657120250419-250419_41       ,0,006,3,<CR>
2025/04/19 14:11:41：■受信データ：L,A8657120250419-250419_42,<CR>
2025/04/19 14:11:41：11件の検索処理時間: 0.0027ミリ秒
2025/04/19 14:11:41：■受信データ：D,A8657120250419-250419_42       ,0,006,3,<CR>
2025/04/19 14:11:41：■受信データ：L,A8657120250419-250419_43,<CR>
2025/04/19 14:11:41：12件の検索処理時間: 0.0023ミリ秒
2025/04/19 14:11:41：■受信データ：D,A8657120250419-250419_43       ,0,006,3,<CR>
2025/04/19 14:11:42：■受信データ：L,A8657120250419-250419_44,<CR>
2025/04/19 14:11:42：13件の検索処理時間: 0.0026ミリ秒
2025/04/19 14:11:42：■受信データ：D,A8657120250419-250419_44       ,0,006,3,<CR>
2025/04/19 14:11:42：■受信データ：L,A8657120250419-250419_45,<CR>
2025/04/19 14:11:42：14件の検索処理時間: 0.0021ミリ秒
2025/04/19 14:11:42：■受信データ：D,A8657120250419-250419_45       ,0,006,3,<CR>
2025/04/19 14:11:43：■受信データ：L,A8657120250419-250419_46,<CR>
2025/04/19 14:11:43：15件の検索処理時間: 0.0034ミリ秒
2025/04/19 14:11:43：■受信データ：D,A8657120250419-250419_46       ,0,006,4,<CR>
2025/04/19 14:11:43：■受信データ：L,A8657120250419-250419_47,<CR>
2025/04/19 14:11:43：16件の検索処理時間: 0.0026ミリ秒
2025/04/19 14:11:44：■受信データ：D,A8657120250419-250419_47       ,0,006,4,<CR>
2025/04/19 14:11:44：■受信データ：L,A8657120250419-250419_48,<CR>
2025/04/19 14:11:44：17件の検索処理時間: 0.0029ミリ秒
2025/04/19 14:11:44：■受信データ：D,A8657120250419-250419_48       ,0,006,4,<CR>
2025/04/19 14:11:44：■受信データ：L,A8657120250419-250419_49,<CR>
2025/04/19 14:11:44：18件の検索処理時間: 0.0031ミリ秒
2025/04/19 14:11:45：■受信データ：D,A8657120250419-250419_49       ,0,006,4,<CR>
2025/04/19 14:11:45：■受信データ：L,A8657120250419-250419_50,<CR>
2025/04/19 14:11:45：19件の検索処理時間: 0.0034ミリ秒
2025/04/19 14:11:45：■受信データ：D,A8657120250419-250419_50       ,0,006,4,<CR>
2025/04/19 14:11:46：■受信データ：L,A8657120250419-250419_51,<CR>
2025/04/19 14:11:46：20件の検索処理時間: 0.0037ミリ秒
2025/04/19 14:11:46：■受信データ：D,A8657120250419-250419_51       ,0,006,5,<CR>
2025/04/19 14:11:46：■受信データ：L,A8657120250419-250419_52,<CR>
2025/04/19 14:11:46：21件の検索処理時間: 0.0165ミリ秒
2025/04/19 14:11:46：■受信データ：D,A8657120250419-250419_52       ,0,006,5,<CR>
2025/04/19 14:11:47：■受信データ：L,A8657120250419-250419_53,<CR>
2025/04/19 14:11:47：22件の検索処理時間: 0.0031ミリ秒
2025/04/19 14:11:47：■受信データ：D,A8657120250419-250419_53       ,0,006,5,<CR>
2025/04/19 14:11:47：■受信データ：L,A8657120250419-250419_54,<CR>
2025/04/19 14:11:47：23件の検索処理時間: 0.0021ミリ秒
2025/04/19 14:11:47：■受信データ：D,A8657120250419-250419_54       ,0,006,5,<CR>
2025/04/19 14:11:48：■受信データ：L,A8657120250419-250419_55,<CR>
2025/04/19 14:11:48：24件の検索処理時間: 0.0029ミリ秒
2025/04/19 14:11:48：■受信データ：D,A8657120250419-250419_55       ,0,006,5,<CR>
2025/04/19 14:11:48：■受信データ：L,A8657120250419-250419_56,<CR>
2025/04/19 14:11:48：25件の検索処理時間: 0.0027ミリ秒
2025/04/19 14:11:48：■受信データ：D,A8657120250419-250419_56       ,0,006,E,<CR>
2025/04/19 14:11:49：■受信データ：L,A8657120250419-250419_57,<CR>
2025/04/19 14:11:49：25件の検索処理時間: 0.0025ミリ秒
2025/04/19 14:11:49：■受信データ：D,A8657120250419-250419_57       ,0,006,E,<CR>
2025/04/19 14:11:49：■受信データ：L,A8657120250419-250419_58,<CR>
2025/04/19 14:11:49：25件の検索処理時間: 0.0028ミリ秒
2025/04/19 14:11:49：■受信データ：D,A8657120250419-250419_58       ,0,006,E,<CR>
2025/04/19 14:11:50：■受信データ：L,A8657120250419-250419_59,<CR>
2025/04/19 14:11:50：25件の検索処理時間: 0.0033ミリ秒
2025/04/19 14:11:50：■受信データ：D,A8657120250419-250419_59       ,0,006,E,<CR>
2025/04/19 14:11:50：■受信データ：L,A8657120250419-250419_60,<CR>
2025/04/19 14:11:50：25件の検索処理時間: 0.0025ミリ秒
2025/04/19 14:11:50：■受信データ：D,A8657120250419-250419_60       ,0,006,E,<CR>
2025/04/19 14:30:58：〓送信データ：c
2025/04/19 14:30:58：■受信データ：C<CR>
2025/04/19 14:31:00：〓送信データ：b
2025/04/19 14:31:00：■受信データ：B<CR>
2025/04/19 14:31:00：フォントサイズ：14
2025/04/19 14:31:00：〓送信データ：a,1,031,0,001,05,006,08,014,01,015,11,1,1,0,1,0,110
2025/04/19 14:31:00：〓送信データ：f,1,1,D1234,20250401,1,,070,1
2025/04/19 14:31:00：〓送信データ：f,2,2,E1234,20250402,2,,070,1
2025/04/19 14:31:00：〓送信データ：f,3,3,F1234,20250403,3,,070,1
2025/04/19 14:31:01：〓送信データ：f,4,4,G1234,20250404,4,,070,1
2025/04/19 14:31:01：〓送信データ：f,5,5,H1234,20250405,5,,070,1
2025/04/19 14:31:01：〓送信データ：l,0005,0005,0005,0005,0005,
2025/04/19 14:31:09：〓送信データ：c
2025/04/19 14:31:09：■受信データ：C<CR>
2025/04/19 14:31:16：メニュー画面：「終了」ボタンクリック
